-------------------------------------------------------------------------------
Test set: TestSuite
-------------------------------------------------------------------------------
Tests run: 2, Failures: 1, Errors: 0, Skipped: 0, Time elapsed: 430.531 s <<< FAILURE! - in TestSuite
runScenario(cucumberOptions.TestRunner)  Time elapsed: 33.788 s  <<< FAILURE!
java.lang.AssertionError: expected [true] but found [false]

